# JRE version: OpenJDK Runtime Environment (11.0.10) (build 11.0.10+0-b96-7249189)
# Java VM: OpenJDK 64-Bit Server VM (11.0.10+0-b96-7249189, mixed mode, tiered, compressed oops, g1 gc, windows-amd64)
Heap:
 garbage-first heap   total 206848K, used 107883K [0x0000000080000000, 0x0000000100000000)
  region size 1024K, 2 young (2048K), 2 survivors (2048K)
 Metaspace       used 105521K, capacity 108390K, committed 108544K, reserved 1142784K
  class space    used 13694K, capacity 14816K, committed 14848K, reserved 1048576K
GC Heap History (20 events):
Event: 114.354 GC heap after
{Heap after GC invocations=80 (full 0):
 garbage-first heap   total 143360K, used 92464K [0x0000000080000000, 0x0000000100000000)
  region size 1024K, 2 young (2048K), 2 survivors (2048K)
 Metaspace       used 87286K, capacity 89347K, committed 89600K, reserved 1126400K
  class space    used 11145K, capacity 11891K, committed 12032K, reserved 1048576K
}
Event: 114.992 GC heap before
{Heap before GC invocations=80 (full 0):
 garbage-first heap   total 143360K, used 112944K [0x0000000080000000, 0x0000000100000000)
  region size 1024K, 22 young (22528K), 2 survivors (2048K)
 Metaspace       used 88788K, capacity 90883K, committed 91008K, reserved 1128448K
  class space    used 11350K, capacity 12083K, committed 12160K, reserved 1048576K
}
Event: 114.997 GC heap after
{Heap after GC invocations=81 (full 0):
 garbage-first heap   total 172032K, used 92828K [0x0000000080000000, 0x0000000100000000)
  region size 1024K, 2 young (2048K), 2 survivors (2048K)
 Metaspace       used 88788K, capacity 90883K, committed 91008K, reserved 1128448K
  class space    used 11350K, capacity 12083K, committed 12160K, reserved 1048576K
}
Event: 115.953 GC heap before
{Heap before GC invocations=81 (full 0):
 garbage-first heap   total 172032K, used 126620K [0x0000000080000000, 0x0000000100000000)
  region size 1024K, 35 young (35840K), 2 survivors (2048K)
 Metaspace       used 91370K, capacity 93411K, committed 93568K, reserved 1130496K
  class space    used 11635K, capacity 12371K, committed 12416K, reserved 1048576K
}
Event: 115.958 GC heap after
{Heap after GC invocations=82 (full 0):
 garbage-first heap   total 172032K, used 94655K [0x0000000080000000, 0x0000000100000000)
  region size 1024K, 4 young (4096K), 4 survivors (4096K)
 Metaspace       used 91370K, capacity 93411K, committed 93568K, reserved 1130496K
  class space    used 11635K, capacity 12371K, committed 12416K, reserved 1048576K
}
Event: 118.554 GC heap before
{Heap before GC invocations=82 (full 0):
 garbage-first heap   total 172032K, used 128447K [0x0000000080000000, 0x0000000100000000)
  region size 1024K, 38 young (38912K), 4 survivors (4096K)
 Metaspace       used 92142K, capacity 94241K, committed 94464K, reserved 1130496K
  class space    used 11733K, capacity 12491K, committed 12544K, reserved 1048576K
}
Event: 118.585 GC heap after
{Heap after GC invocations=83 (full 0):
 garbage-first heap   total 172032K, used 97736K [0x0000000080000000, 0x0000000100000000)
  region size 1024K, 5 young (5120K), 5 survivors (5120K)
 Metaspace       used 92142K, capacity 94241K, committed 94464K, reserved 1130496K
  class space    used 11733K, capacity 12491K, committed 12544K, reserved 1048576K
}
Event: 120.491 GC heap before
{Heap before GC invocations=83 (full 0):
 garbage-first heap   total 172032K, used 131528K [0x0000000080000000, 0x0000000100000000)
  region size 1024K, 39 young (39936K), 5 survivors (5120K)
 Metaspace       used 92181K, capacity 94247K, committed 94464K, reserved 1130496K
  class space    used 11734K, capacity 12491K, committed 12544K, reserved 1048576K
}
Event: 120.504 GC heap after
{Heap after GC invocations=84 (full 0):
 garbage-first heap   total 172032K, used 101123K [0x0000000080000000, 0x0000000100000000)
  region size 1024K, 4 young (4096K), 4 survivors (4096K)
 Metaspace       used 92181K, capacity 94247K, committed 94464K, reserved 1130496K
  class space    used 11734K, capacity 12491K, committed 12544K, reserved 1048576K
}
Event: 123.288 GC heap before
{Heap before GC invocations=84 (full 0):
 garbage-first heap   total 172032K, used 133891K [0x0000000080000000, 0x0000000100000000)
  region size 1024K, 37 young (37888K), 4 survivors (4096K)
 Metaspace       used 95984K, capacity 98272K, committed 98432K, reserved 1134592K
  class space    used 12311K, capacity 13169K, committed 13184K, reserved 1048576K
}
Event: 123.299 GC heap after
{Heap after GC invocations=85 (full 0):
 garbage-first heap   total 172032K, used 104491K [0x0000000080000000, 0x0000000100000000)
  region size 1024K, 4 young (4096K), 4 survivors (4096K)
 Metaspace       used 95984K, capacity 98272K, committed 98432K, reserved 1134592K
  class space    used 12311K, capacity 13169K, committed 13184K, reserved 1048576K
}
Event: 124.630 GC heap before
{Heap before GC invocations=85 (full 0):
 garbage-first heap   total 172032K, used 137259K [0x0000000080000000, 0x0000000100000000)
  region size 1024K, 37 young (37888K), 4 survivors (4096K)
 Metaspace       used 101706K, capacity 104404K, committed 104448K, reserved 1138688K
  class space    used 13283K, capacity 14305K, committed 14336K, reserved 1048576K
}
Event: 124.642 GC heap after
{Heap after GC invocations=86 (full 0):
 garbage-first heap   total 172032K, used 106940K [0x0000000080000000, 0x0000000100000000)
  region size 1024K, 3 young (3072K), 3 survivors (3072K)
 Metaspace       used 101706K, capacity 104404K, committed 104448K, reserved 1138688K
  class space    used 13283K, capacity 14305K, committed 14336K, reserved 1048576K
}
Event: 125.088 GC heap before
{Heap before GC invocations=86 (full 0):
 garbage-first heap   total 172032K, used 139708K [0x0000000080000000, 0x0000000100000000)
  region size 1024K, 36 young (36864K), 3 survivors (3072K)
 Metaspace       used 103771K, capacity 106608K, committed 106880K, reserved 1140736K
  class space    used 13548K, capacity 14670K, committed 14720K, reserved 1048576K
}
Event: 125.093 GC heap after
{Heap after GC invocations=87 (full 0):
 garbage-first heap   total 172032K, used 107932K [0x0000000080000000, 0x0000000100000000)
  region size 1024K, 4 young (4096K), 4 survivors (4096K)
 Metaspace       used 103771K, capacity 106608K, committed 106880K, reserved 1140736K
  class space    used 13548K, capacity 14670K, committed 14720K, reserved 1048576K
}
Event: 126.297 GC heap before
{Heap before GC invocations=87 (full 0):
 garbage-first heap   total 172032K, used 140700K [0x0000000080000000, 0x0000000100000000)
  region size 1024K, 37 young (37888K), 4 survivors (4096K)
 Metaspace       used 104726K, capacity 107644K, committed 107776K, reserved 1142784K
  class space    used 13618K, capacity 14748K, committed 14848K, reserved 1048576K
}
Event: 126.321 GC heap after
{Heap after GC invocations=88 (full 0):
 garbage-first heap   total 172032K, used 107233K [0x0000000080000000, 0x0000000100000000)
  region size 1024K, 1 young (1024K), 1 survivors (1024K)
 Metaspace       used 104726K, capacity 107644K, committed 107776K, reserved 1142784K
  class space    used 13618K, capacity 14748K, committed 14848K, reserved 1048576K
}
Event: 176.021 GC heap before
{Heap before GC invocations=88 (full 0):
 garbage-first heap   total 172032K, used 142049K [0x0000000080000000, 0x0000000100000000)
  region size 1024K, 36 young (36864K), 1 survivors (1024K)
 Metaspace       used 105124K, capacity 107991K, committed 108288K, reserved 1142784K
  class space    used 13645K, capacity 14772K, committed 14848K, reserved 1048576K
}
Event: 176.116 GC heap after
{Heap after GC invocations=89 (full 0):
 garbage-first heap   total 172032K, used 107145K [0x0000000080000000, 0x0000000100000000)
  region size 1024K, 1 young (1024K), 1 survivors (1024K)
 Metaspace       used 105124K, capacity 107991K, committed 108288K, reserved 1142784K
  class space    used 13645K, capacity 14772K, committed 14848K, reserved 1048576K
}
Event: 356.107 GC heap before
{Heap before GC invocations=89 (full 0):
 garbage-first heap   total 172032K, used 142985K [0x0000000080000000, 0x0000000100000000)
  region size 1024K, 37 young (37888K), 1 survivors (1024K)
 Metaspace       used 105521K, capacity 108390K, committed 108544K, reserved 1142784K
  class space    used 13694K, capacity 14816K, committed 14848K, reserved 1048576K
}

